<?xml version="1.0" encoding="UTF-8"?>
<!-- Generated by org.testng.reporters.JUnitReportReporter -->
<testsuite skipped="0" hostname="Xaviers-MacBook-Pro.local" name="com.teachbeamers.LoadTest01" tests="1" failures="0" timestamp="21 Jun 2019 06:45:05 GMT" time="1.980" errors="0">
  <testcase name="verifySearchButton" time="1.980" classname="com.teachbeamers.LoadTest01"/>
</testsuite> <!-- com.teachbeamers.LoadTest01 -->
